<?xml version="1.0" encoding="UTF-8"?>
<!-- Generated by org.testng.reporters.JUnitReportReporter -->
<testsuite skipped="0" hostname="LAPTOP-PP7LTPN0" name="kdf.Application" tests="1" failures="0" timestamp="11 Jan 2021 04:45:22 GMT" time="247.802" errors="0">
  <testcase name="verifyInvalidLogin" time="247.802" classname="kdf.Application"/>
</testsuite> <!-- kdf.Application -->
