<?xml version="1.0" encoding="UTF-8"?>
<!-- Generated by org.testng.reporters.JUnitReportReporter -->
<testsuite skipped="0" hostname="LAPTOP-PP7LTPN0" name="com.webappsecurity.zero.TestScripts.VerifyFundTransferTest" tests="1" failures="0" timestamp="21 Dec 2020 04:21:00 GMT" time="51.899" errors="0">
  <testcase name="verifyFundTransfer" time="51.899" classname="com.webappsecurity.zero.TestScripts.VerifyFundTransferTest"/>
</testsuite> <!-- com.webappsecurity.zero.TestScripts.VerifyFundTransferTest -->
